
WARNING: The Trce option "-ucf" is either illegal or not supported by projNav and hence will not be added in the strategy file(mapruntime.xds) created by Smartxplorer.

Command Line : 
-------------
map /home/vladimir/NEWAC701/ISEAC701/smartxplorer_results/run1/v6pcieDMA.ngd -ol high -w -p xc7a200t-fbg676-2 -o v6pcieDMA_map.ncd /home/vladimir/NEWAC701/ISEAC701/smartxplorer_results/run1/v6pcieDMA.pcf

Release 14.7 - Map P.20131013 (lin64)
Copyright (c) 1995-2013 Xilinx, Inc.  All rights reserved.
Using target part "7a200tfbg676-2".
WARNING:LIT:702 - PAD symbol "delay_clk" is not constrained (LOC) to a specific
   location.
WARNING:LIT:701 - PAD symbol "pci_exp_rxp<3>" has an undefined IOSTANDARD.
Mapping design into LUTs...
WARNING:MapLib:701 - Signal adc_data_or_p connected to top level port
   adc_data_or_p has been removed.
WARNING:MapLib:701 - Signal adc_data_or_n connected to top level port
   adc_data_or_n has been removed.
Writing file v6pcieDMA_map.ngm...
WARNING:Pack:2874 - Trimming timing constraints from pin
   pcie_axi_trn_bridge_i/v7_pcie_i/gt_top_i/pipe_wrapper_i/pipe_clock_int.pipe_c
   lock_i/mmcm_i
   of frag RST connected to power/ground net
   pcie_axi_trn_bridge_i/v7_pcie_i/gt_top_i/pipe_wrapper_i/pipe_clock_int.pipe_c
   lock_i/CLK_GEN3
Running directed packing...
WARNING:Pack:2159 - The carry multiplexer output signal
   "ad9467_1/reflength_counter[31]_reg01_rd_current_reflength[31]_equal_79_o_inv
   1" drives 3 distinct carry input pins.  Xilinx recommends replicating logic
   to eliminate carry chain branches.
WARNING:Pack:2949 - The I/O component userclk_200MHz_n uses an DQS_BIAS
   attribute with I/O standard LVDS_25. The DQS_BIAS attribute will be ignored
   since the selected I/O standard does not support DQS_BIAS usage.
WARNING:Pack:2949 - The I/O component userclk_200MHz_p uses an DQS_BIAS
   attribute with I/O standard LVDS_25. The DQS_BIAS attribute will be ignored
   since the selected I/O standard does not support DQS_BIAS usage.
WARNING:Pack:2949 - The I/O component adc_data_in_n<0> uses an DQS_BIAS
   attribute with I/O standard LVDS_25. The DQS_BIAS attribute will be ignored
   since the selected I/O standard does not support DQS_BIAS usage.
WARNING:Pack:2949 - The I/O component adc_data_in_n<3> uses an DQS_BIAS
   attribute with I/O standard LVDS_25. The DQS_BIAS attribute will be ignored
   since the selected I/O standard does not support DQS_BIAS usage.
WARNING:Pack:2949 - The I/O component adc_data_in_n<4> uses an DQS_BIAS
   attribute with I/O standard LVDS_25. The DQS_BIAS attribute will be ignored
   since the selected I/O standard does not support DQS_BIAS usage.
WARNING:Pack:2949 - The I/O component adc_data_in_n<1> uses an DQS_BIAS
   attribute with I/O standard LVDS_25. The DQS_BIAS attribute will be ignored
   since the selected I/O standard does not support DQS_BIAS usage.
WARNING:Pack:2949 - The I/O component adc_data_in_n<2> uses an DQS_BIAS
   attribute with I/O standard LVDS_25. The DQS_BIAS attribute will be ignored
   since the selected I/O standard does not support DQS_BIAS usage.
WARNING:Pack:2949 - The I/O component adc_data_in_n<7> uses an DQS_BIAS
   attribute with I/O standard LVDS_25. The DQS_BIAS attribute will be ignored
   since the selected I/O standard does not support DQS_BIAS usage.
WARNING:Pack:2949 - The I/O component adc_data_in_n<5> uses an DQS_BIAS
   attribute with I/O standard LVDS_25. The DQS_BIAS attribute will be ignored
   since the selected I/O standard does not support DQS_BIAS usage.
WARNING:Pack:2949 - The I/O component adc_data_in_n<6> uses an DQS_BIAS
   attribute with I/O standard LVDS_25. The DQS_BIAS attribute will be ignored
   since the selected I/O standard does not support DQS_BIAS usage.
WARNING:Pack:2949 - The I/O component adc_data_in_p<0> uses an DQS_BIAS
   attribute with I/O standard LVDS_25. The DQS_BIAS attribute will be ignored
   since the selected I/O standard does not support DQS_BIAS usage.
WARNING:Pack:2949 - The I/O component adc_data_in_p<3> uses an DQS_BIAS
   attribute with I/O standard LVDS_25. The DQS_BIAS attribute will be ignored
   since the selected I/O standard does not support DQS_BIAS usage.
WARNING:Pack:2949 - The I/O component adc_data_in_p<4> uses an DQS_BIAS
   attribute with I/O standard LVDS_25. The DQS_BIAS attribute will be ignored
   since the selected I/O standard does not support DQS_BIAS usage.
WARNING:Pack:2949 - The I/O component adc_data_in_p<1> uses an DQS_BIAS
   attribute with I/O standard LVDS_25. The DQS_BIAS attribute will be ignored
   since the selected I/O standard does not support DQS_BIAS usage.
WARNING:Pack:2949 - The I/O component adc_data_in_p<2> uses an DQS_BIAS
   attribute with I/O standard LVDS_25. The DQS_BIAS attribute will be ignored
   since the selected I/O standard does not support DQS_BIAS usage.
WARNING:Pack:2949 - The I/O component adc_data_in_p<7> uses an DQS_BIAS
   attribute with I/O standard LVDS_25. The DQS_BIAS attribute will be ignored
   since the selected I/O standard does not support DQS_BIAS usage.
WARNING:Pack:2949 - The I/O component adc_data_in_p<5> uses an DQS_BIAS
   attribute with I/O standard LVDS_25. The DQS_BIAS attribute will be ignored
   since the selected I/O standard does not support DQS_BIAS usage.
WARNING:Pack:2949 - The I/O component adc_data_in_p<6> uses an DQS_BIAS
   attribute with I/O standard LVDS_25. The DQS_BIAS attribute will be ignored
   since the selected I/O standard does not support DQS_BIAS usage.
Running delay-based LUT packing...
Updating timing models...
INFO:Map:215 - The Interim Design Summary has been generated in the MAP Report
   (.mrp).
Running timing-driven placement...
Total REAL time at the beginning of Placer: 58 secs 
Total CPU  time at the beginning of Placer: 58 secs 

Phase 1.1  Initial Placement Analysis
Phase 1.1  Initial Placement Analysis (Checksum:22fadeb8) REAL time: 1 mins 8 secs 

Phase 2.7  Design Feasibility Check
INFO:Place:834 - Only a subset of IOs are locked. Out of 30 IOs, 21 are locked
   and 9 are not locked. If you would like to print the names of these IOs,
   please set the environment variable XIL_PAR_DESIGN_CHECK_VERBOSE to 1. 
Phase 2.7  Design Feasibility Check (Checksum:22fadeb8) REAL time: 1 mins 9 secs 

Phase 3.31  Local Placement Optimization
Phase 3.31  Local Placement Optimization (Checksum:ef12c945) REAL time: 1 mins 9 secs 

Phase 4.2  Initial Placement for Architecture Specific Features
....
Phase 4.2  Initial Placement for Architecture Specific Features
(Checksum:c6bea38) REAL time: 1 mins 22 secs 

Phase 5.30  Global Clock Region Assignment
Phase 5.30  Global Clock Region Assignment (Checksum:c6bea38) REAL time: 1 mins 22 secs 

Phase 6.3  Local Placement Optimization
.....
Phase 6.3  Local Placement Optimization (Checksum:145506ed) REAL time: 1 mins 23 secs 

Phase 7.5  Local Placement Optimization
Phase 7.5  Local Placement Optimization (Checksum:bca90bc9) REAL time: 1 mins 23 secs 

Phase 8.8  Global Placement
........................................
..........
...............................................................................
........................................................................................................................
.......................................................................................................
Phase 8.8  Global Placement (Checksum:d560904) REAL time: 8 mins 42 secs 

Phase 9.5  Local Placement Optimization
Phase 9.5  Local Placement Optimization (Checksum:d560904) REAL time: 8 mins 43 secs 

Phase 10.18  Placement Optimization
Phase 10.18  Placement Optimization (Checksum:870d96e3) REAL time: 9 mins 46 secs 

Phase 11.5  Local Placement Optimization
Phase 11.5  Local Placement Optimization (Checksum:870d96e3) REAL time: 9 mins 46 secs 

Phase 12.34  Placement Validation
Phase 12.34  Placement Validation (Checksum:870d96e3) REAL time: 9 mins 47 secs 

Total REAL time to Placer completion: 9 mins 48 secs 
Total CPU  time to Placer completion: 9 mins 47 secs 
Running post-placement packing...
Writing output files...

Design Summary:
Number of errors:      0
Number of warnings:   62
Slice Logic Utilization:
  Number of Slice Registers:                11,502 out of 269,200    4%
    Number used as Flip Flops:              11,500
    Number used as Latches:                      2
    Number used as Latch-thrus:                  0
    Number used as AND/OR logics:                0
  Number of Slice LUTs:                     10,115 out of 134,600    7%
    Number used as logic:                    7,686 out of 134,600    5%
      Number using O6 output only:           5,201
      Number using O5 output only:             695
      Number using O5 and O6:                1,790
      Number used as ROM:                        0
    Number used as Memory:                   1,181 out of  46,200    2%
      Number used as Dual Port RAM:              0
      Number used as Single Port RAM:            0
      Number used as Shift Register:         1,181
        Number using O6 output only:           835
        Number using O5 output only:             1
        Number using O5 and O6:                345
    Number used exclusively as route-thrus:  1,248
      Number with same-slice register load:  1,198
      Number with same-slice carry load:        50
      Number with other load:                    0

Slice Logic Distribution:
  Number of occupied Slices:                 3,642 out of  33,650   10%
  Number of LUT Flip Flop pairs used:       12,398
    Number with an unused Flip Flop:         3,335 out of  12,398   26%
    Number with an unused LUT:               2,283 out of  12,398   18%
    Number of fully used LUT-FF pairs:       6,780 out of  12,398   54%
    Number of unique control sets:             264
    Number of slice register sites lost
      to control set restrictions:             948 out of 269,200    1%

  A LUT Flip Flop pair for this architecture represents one LUT paired with
  one Flip Flop within a slice.  A control set is a unique combination of
  clock, reset, set, and enable signals for a registered element.
  The Slice Logic Distribution report is not meaningful if the design is
  over-mapped for a non-slice resource or if Placement fails.
  OVERMAPPING of BRAM resources should be ignored if the design is
  over-mapped for a non-BRAM resource or if placement fails.

IO Utilization:
  Number of bonded IOBs:                        30 out of     400    7%
    Number of LOCed IOBs:                       21 out of      30   70%
    IOB Flip Flops:                              8
    Number of bonded IPADs:                     10
    Number of bonded OPADs:                      8

Specific Feature Utilization:
  Number of RAMB36E1/FIFO36E1s:                 88 out of     365   24%
    Number using RAMB36E1 only:                 87
    Number using FIFO36E1 only:                  1
  Number of RAMB18E1/FIFO18E1s:                  0 out of     730    0%
  Number of BUFG/BUFGCTRLs:                      8 out of      32   25%
    Number used as BUFGs:                        7
    Number used as BUFGCTRLs:                    1
  Number of IDELAYE2/IDELAYE2_FINEDELAYs:        8 out of     500    1%
    Number used as IDELAYE2s:                    8
    Number used as IDELAYE2_FINEDELAYs:          0
  Number of ILOGICE2/ILOGICE3/ISERDESE2s:        8 out of     500    1%
    Number used as ILOGICE2s:                    8
  Number used as  ILOGICE3s:                     0
    Number used as ISERDESE2s:                   0
  Number of ODELAYE2/ODELAYE2_FINEDELAYs:        0
  Number of OLOGICE2/OLOGICE3/OSERDESE2s:        0 out of     500    0%
  Number of PHASER_IN/PHASER_IN_PHYs:            0 out of      40    0%
  Number of PHASER_OUT/PHASER_OUT_PHYs:          0 out of      40    0%
  Number of BSCANs:                              1 out of       4   25%
  Number of BUFHCEs:                             0 out of     120    0%
  Number of BUFRs:                               0 out of      40    0%
  Number of CAPTUREs:                            0 out of       1    0%
  Number of DNA_PORTs:                           0 out of       1    0%
  Number of DSP48E1s:                            0 out of     740    0%
  Number of EFUSE_USRs:                          0 out of       1    0%
  Number of FRAME_ECCs:                          0 out of       1    0%
  Number of GTPE2_CHANNELs:                      4 out of       8   50%
    Number of LOCed GTPE2_CHANNELs:              4 out of       4  100%
  Number of IBUFDS_GTE2s:                        1 out of       8   12%
    Number of LOCed IBUFDS_GTE2s:                1 out of       1  100%
  Number of ICAPs:                               0 out of       2    0%
  Number of IDELAYCTRLs:                         1 out of      10   10%
  Number of IN_FIFOs:                            0 out of      40    0%
  Number of MMCME2_ADVs:                         1 out of      10   10%
    Number of LOCed MMCME2_ADVs:                 1 out of       1  100%
  Number of OUT_FIFOs:                           0 out of      40    0%
  Number of PCIE_2_1s:                           1 out of       1  100%
    Number of LOCed PCIE_2_1s:                   1 out of       1  100%
  Number of PHASER_REFs:                         0 out of      10    0%
  Number of PHY_CONTROLs:                        0 out of      10    0%
  Number of PLLE2_ADVs:                          0 out of      10    0%
  Number of STARTUPs:                            0 out of       1    0%
  Number of XADCs:                               0 out of       1    0%

  Number of RPM macros:           12
Average Fanout of Non-Clock Nets:                3.49

Peak Memory Usage:  1824 MB
Total REAL time to MAP completion:  9 mins 59 secs 
Total CPU time to MAP completion:   9 mins 58 secs 

Mapping completed.
See MAP report file "v6pcieDMA_map.mrp" for details.

Command Line : 
-------------
par /home/vladimir/NEWAC701/ISEAC701/smartxplorer_results/run1/v6pcieDMA.ngd -ol high -w v6pcieDMA.ncd /home/vladimir/NEWAC701/ISEAC701/smartxplorer_results/run1/v6pcieDMA.pcf

Release 14.7 - par P.20131013 (lin64)
Copyright (c) 1995-2013 Xilinx, Inc.  All rights reserved.



Constraints file: /home/vladimir/NEWAC701/ISEAC701/smartxplorer_results/run1/v6pcieDMA.pcf.
Loading device for application Rf_Device from file '7a200t.nph' in environment /opt/Xilinx/14.7/ISE_DS/ISE/.
   "v6pcieDMA" is an NCD, version 3.2, device xc7a200t, package fbg676, speed -2

Initializing temperature to 85.000 Celsius. (default - Range: 0.000 to 85.000 Celsius)
Initializing voltage to 0.950 Volts. (default - Range: 0.950 to 1.050 Volts)


Device speed data version:  "PRODUCTION 1.10 2013-10-13".



Device Utilization Summary:

Slice Logic Utilization:
  Number of Slice Registers:                11,502 out of 269,200    4%
    Number used as Flip Flops:              11,500
    Number used as Latches:                      2
    Number used as Latch-thrus:                  0
    Number used as AND/OR logics:                0
  Number of Slice LUTs:                     10,115 out of 134,600    7%
    Number used as logic:                    7,686 out of 134,600    5%
      Number using O6 output only:           5,201
      Number using O5 output only:             695
      Number using O5 and O6:                1,790
      Number used as ROM:                        0
    Number used as Memory:                   1,181 out of  46,200    2%
      Number used as Dual Port RAM:              0
      Number used as Single Port RAM:            0
      Number used as Shift Register:         1,181
        Number using O6 output only:           835
        Number using O5 output only:             1
        Number using O5 and O6:                345
    Number used exclusively as route-thrus:  1,248
      Number with same-slice register load:  1,198
      Number with same-slice carry load:        50
      Number with other load:                    0

Slice Logic Distribution:
  Number of occupied Slices:                 3,642 out of  33,650   10%
  Number of LUT Flip Flop pairs used:       12,398
    Number with an unused Flip Flop:         3,335 out of  12,398   26%
    Number with an unused LUT:               2,283 out of  12,398   18%
    Number of fully used LUT-FF pairs:       6,780 out of  12,398   54%
    Number of slice register sites lost
      to control set restrictions:               0 out of 269,200    0%

  A LUT Flip Flop pair for this architecture represents one LUT paired with
  one Flip Flop within a slice.  A control set is a unique combination of
  clock, reset, set, and enable signals for a registered element.
  The Slice Logic Distribution report is not meaningful if the design is
  over-mapped for a non-slice resource or if Placement fails.
  OVERMAPPING of BRAM resources should be ignored if the design is
  over-mapped for a non-BRAM resource or if placement fails.

IO Utilization:
  Number of bonded IOBs:                        30 out of     400    7%
    Number of LOCed IOBs:                       21 out of      30   70%
    IOB Flip Flops:                              8
    Number of bonded IPADs:                     10
    Number of bonded OPADs:                      8

Specific Feature Utilization:
  Number of RAMB36E1/FIFO36E1s:                 88 out of     365   24%
    Number using RAMB36E1 only:                 87
    Number using FIFO36E1 only:                  1
  Number of RAMB18E1/FIFO18E1s:                  0 out of     730    0%
  Number of BUFG/BUFGCTRLs:                      8 out of      32   25%
    Number used as BUFGs:                        7
    Number used as BUFGCTRLs:                    1
  Number of IDELAYE2/IDELAYE2_FINEDELAYs:        8 out of     500    1%
    Number used as IDELAYE2s:                    8
    Number used as IDELAYE2_FINEDELAYs:          0
  Number of ILOGICE2/ILOGICE3/ISERDESE2s:        8 out of     500    1%
    Number used as ILOGICE2s:                    8
  Number used as  ILOGICE3s:                     0
    Number used as ISERDESE2s:                   0
  Number of ODELAYE2/ODELAYE2_FINEDELAYs:        0
  Number of OLOGICE2/OLOGICE3/OSERDESE2s:        0 out of     500    0%
  Number of PHASER_IN/PHASER_IN_PHYs:            0 out of      40    0%
  Number of PHASER_OUT/PHASER_OUT_PHYs:          0 out of      40    0%
  Number of BSCANs:                              1 out of       4   25%
  Number of BUFHCEs:                             0 out of     120    0%
  Number of BUFRs:                               0 out of      40    0%
  Number of CAPTUREs:                            0 out of       1    0%
  Number of DNA_PORTs:                           0 out of       1    0%
  Number of DSP48E1s:                            0 out of     740    0%
  Number of EFUSE_USRs:                          0 out of       1    0%
  Number of FRAME_ECCs:                          0 out of       1    0%
  Number of GTPE2_CHANNELs:                      4 out of       8   50%
    Number of LOCed GTPE2_CHANNELs:              4 out of       4  100%
  Number of IBUFDS_GTE2s:                        1 out of       8   12%
    Number of LOCed IBUFDS_GTE2s:                1 out of       1  100%
  Number of ICAPs:                               0 out of       2    0%
  Number of IDELAYCTRLs:                         1 out of      10   10%
  Number of IN_FIFOs:                            0 out of      40    0%
  Number of MMCME2_ADVs:                         1 out of      10   10%
    Number of LOCed MMCME2_ADVs:                 1 out of       1  100%
  Number of OUT_FIFOs:                           0 out of      40    0%
  Number of PCIE_2_1s:                           1 out of       1  100%
    Number of LOCed PCIE_2_1s:                   1 out of       1  100%
  Number of PHASER_REFs:                         0 out of      10    0%
  Number of PHY_CONTROLs:                        0 out of      10    0%
  Number of PLLE2_ADVs:                          0 out of      10    0%
  Number of STARTUPs:                            0 out of       1    0%
  Number of XADCs:                               0 out of       1    0%


Overall effort level (-ol):   High 
Router effort level (-rl):    High 

INFO:Timing:3386 - Intersecting Constraints found and resolved.  For more information, see the TSI report.  Please consult the Xilinx
   Command Line Tools User Guide for information on generating a TSI report.
Starting initial Timing Analysis.  REAL time: 32 secs 
Finished initial Timing Analysis.  REAL time: 32 secs 

WARNING:Par:288 - The signal pcie_axi_trn_bridge_i/v7_pcie_i/gt_top_i/pipe_wrapper_i/gt_do<59> has no load.  PAR will not attempt to route
   this signal.
WARNING:Par:288 - The signal pcie_axi_trn_bridge_i/v7_pcie_i/gt_top_i/pipe_wrapper_i/gt_txsyncdone<3> has no load.  PAR will not attempt to
   route this signal.
WARNING:Par:288 - The signal pcie_axi_trn_bridge_i/v7_pcie_i/gt_top_i/pipe_wrapper_i/gt_rxsyncdone<3> has no load.  PAR will not attempt to
   route this signal.
WARNING:Par:288 - The signal pcie_axi_trn_bridge_i/v7_pcie_i/gt_top_i/pipe_wrapper_i/gt_do<43> has no load.  PAR will not attempt to route
   this signal.
WARNING:Par:288 - The signal pcie_axi_trn_bridge_i/v7_pcie_i/gt_top_i/pipe_wrapper_i/gt_txsyncdone<2> has no load.  PAR will not attempt to
   route this signal.
WARNING:Par:288 - The signal pcie_axi_trn_bridge_i/v7_pcie_i/gt_top_i/pipe_wrapper_i/gt_rxsyncdone<2> has no load.  PAR will not attempt to
   route this signal.
WARNING:Par:288 - The signal pcie_axi_trn_bridge_i/v7_pcie_i/gt_top_i/pipe_wrapper_i/gt_do<27> has no load.  PAR will not attempt to route
   this signal.
WARNING:Par:288 - The signal pcie_axi_trn_bridge_i/v7_pcie_i/gt_top_i/pipe_wrapper_i/gt_txsyncdone<1> has no load.  PAR will not attempt to
   route this signal.
WARNING:Par:288 - The signal pcie_axi_trn_bridge_i/v7_pcie_i/gt_top_i/pipe_wrapper_i/gt_rxsyncdone<1> has no load.  PAR will not attempt to
   route this signal.
WARNING:Par:288 - The signal pcie_axi_trn_bridge_i/v7_pcie_i/gt_top_i/pipe_wrapper_i/gt_do<11> has no load.  PAR will not attempt to route
   this signal.
WARNING:Par:288 - The signal pcie_axi_trn_bridge_i/v7_pcie_i/gt_top_i/pipe_wrapper_i/gt_txsyncdone<0> has no load.  PAR will not attempt to
   route this signal.
WARNING:Par:288 - The signal pcie_axi_trn_bridge_i/v7_pcie_i/gt_top_i/pipe_wrapper_i/gt_rxsyncdone<0> has no load.  PAR will not attempt to
   route this signal.
WARNING:Par:288 - The signal pcie_axi_trn_bridge_i/v7_pcie_i/gt_top_i/pipe_wrapper_i/user_rxcdrlock<3> has no load.  PAR will not attempt to
   route this signal.
WARNING:Par:288 - The signal pcie_axi_trn_bridge_i/v7_pcie_i/gt_top_i/pipe_wrapper_i/user_rxcdrlock<2> has no load.  PAR will not attempt to
   route this signal.
WARNING:Par:288 - The signal pcie_axi_trn_bridge_i/v7_pcie_i/gt_top_i/pipe_wrapper_i/user_rxcdrlock<1> has no load.  PAR will not attempt to
   route this signal.
WARNING:Par:288 - The signal pcie_axi_trn_bridge_i/v7_pcie_i/gt_top_i/pipe_wrapper_i/user_rxcdrlock<0> has no load.  PAR will not attempt to
   route this signal.
WARNING:Par:288 - The signal pcie_axi_trn_bridge_i/v7_pcie_i/gt_top_i/pipe_wrapper_i/rxdlysresetdone<0> has no load.  PAR will not attempt
   to route this signal.
WARNING:Par:288 - The signal pcie_axi_trn_bridge_i/v7_pcie_i/gt_top_i/pipe_wrapper_i/rxphaligndone_s<0> has no load.  PAR will not attempt
   to route this signal.
WARNING:Par:288 - The signal pcie_axi_trn_bridge_i/v7_pcie_i/pcie_top_i/pcie_7x_i/mim_rx_raddr<12> has no load.  PAR will not attempt to
   route this signal.
WARNING:Par:288 - The signal pcie_axi_trn_bridge_i/v7_pcie_i/pcie_top_i/pcie_7x_i/mim_rx_raddr<11> has no load.  PAR will not attempt to
   route this signal.
WARNING:Par:288 - The signal pcie_axi_trn_bridge_i/v7_pcie_i/pcie_top_i/pcie_7x_i/mim_rx_waddr<12> has no load.  PAR will not attempt to
   route this signal.
WARNING:Par:288 - The signal pcie_axi_trn_bridge_i/v7_pcie_i/pcie_top_i/pcie_7x_i/mim_rx_waddr<11> has no load.  PAR will not attempt to
   route this signal.
WARNING:Par:288 - The signal pcie_axi_trn_bridge_i/v7_pcie_i/pcie_top_i/pcie_7x_i/mim_tx_raddr<12> has no load.  PAR will not attempt to
   route this signal.
WARNING:Par:288 - The signal pcie_axi_trn_bridge_i/v7_pcie_i/pcie_top_i/pcie_7x_i/mim_tx_raddr<11> has no load.  PAR will not attempt to
   route this signal.
WARNING:Par:288 - The signal pcie_axi_trn_bridge_i/v7_pcie_i/pcie_top_i/pcie_7x_i/mim_tx_waddr<12> has no load.  PAR will not attempt to
   route this signal.
WARNING:Par:288 - The signal pcie_axi_trn_bridge_i/v7_pcie_i/pcie_top_i/pcie_7x_i/mim_tx_waddr<11> has no load.  PAR will not attempt to
   route this signal.
WARNING:Par:288 - The signal theTlpControl/rx_Itf/Downstream_DMA_Engine/dsDMA_PA_Loaded<25> has no load.  PAR will not attempt to route this
   signal.
WARNING:Par:288 - The signal theTlpControl/rx_Itf/Downstream_DMA_Engine/dsDMA_PA_Loaded<24> has no load.  PAR will not attempt to route this
   signal.
WARNING:Par:288 - The signal theTlpControl/rx_Itf/Downstream_DMA_Engine/dsDMA_PA_Loaded<23> has no load.  PAR will not attempt to route this
   signal.
WARNING:Par:288 - The signal theTlpControl/rx_Itf/Downstream_DMA_Engine/dsDMA_PA_Loaded<22> has no load.  PAR will not attempt to route this
   signal.
WARNING:Par:288 - The signal theTlpControl/rx_Itf/Downstream_DMA_Engine/dsDMA_PA_Loaded<21> has no load.  PAR will not attempt to route this
   signal.
WARNING:Par:288 - The signal theTlpControl/rx_Itf/Downstream_DMA_Engine/dsDMA_PA_Loaded<20> has no load.  PAR will not attempt to route this
   signal.
WARNING:Par:288 - The signal theTlpControl/rx_Itf/Downstream_DMA_Engine/dsDMA_PA_Loaded<19> has no load.  PAR will not attempt to route this
   signal.
WARNING:Par:288 - The signal theTlpControl/rx_Itf/Downstream_DMA_Engine/dsDMA_PA_Loaded<18> has no load.  PAR will not attempt to route this
   signal.
WARNING:Par:288 - The signal theTlpControl/rx_Itf/Downstream_DMA_Engine/dsDMA_PA_Loaded<17> has no load.  PAR will not attempt to route this
   signal.
WARNING:Par:288 - The signal theTlpControl/rx_Itf/Downstream_DMA_Engine/dsDMA_PA_Loaded<16> has no load.  PAR will not attempt to route this
   signal.
WARNING:Par:288 - The signal theTlpControl/rx_Itf/Downstream_DMA_Engine/dsDMA_PA_Loaded<15> has no load.  PAR will not attempt to route this
   signal.
WARNING:Par:288 - The signal theTlpControl/rx_Itf/Downstream_DMA_Engine/dsDMA_PA_Loaded<14> has no load.  PAR will not attempt to route this
   signal.
WARNING:Par:288 - The signal theTlpControl/rx_Itf/Downstream_DMA_Engine/dsDMA_PA_Loaded<13> has no load.  PAR will not attempt to route this
   signal.
WARNING:Par:288 - The signal theTlpControl/rx_Itf/Downstream_DMA_Engine/dsDMA_PA_Loaded<12> has no load.  PAR will not attempt to route this
   signal.
WARNING:Par:288 - The signal theTlpControl/rx_Itf/Downstream_DMA_Engine/dsDMA_PA_Loaded<11> has no load.  PAR will not attempt to route this
   signal.
WARNING:Par:288 - The signal theTlpControl/rx_Itf/Downstream_DMA_Engine/dsDMA_PA_Loaded<10> has no load.  PAR will not attempt to route this
   signal.
WARNING:Par:288 - The signal theTlpControl/rx_Itf/Downstream_DMA_Engine/dsDMA_PA_Loaded<9> has no load.  PAR will not attempt to route this
   signal.
WARNING:Par:288 - The signal theTlpControl/rx_Itf/Downstream_DMA_Engine/dsDMA_PA_Loaded<8> has no load.  PAR will not attempt to route this
   signal.
WARNING:Par:288 - The signal theTlpControl/rx_Itf/Downstream_DMA_Engine/dsDMA_PA_Loaded<7> has no load.  PAR will not attempt to route this
   signal.
WARNING:Par:288 - The signal theTlpControl/rx_Itf/Downstream_DMA_Engine/dsDMA_PA_Loaded<6> has no load.  PAR will not attempt to route this
   signal.
WARNING:Par:288 - The signal theTlpControl/rx_Itf/Downstream_DMA_Engine/dsDMA_PA_Loaded<5> has no load.  PAR will not attempt to route this
   signal.
WARNING:Par:288 - The signal theTlpControl/rx_Itf/Downstream_DMA_Engine/dsDMA_PA_Loaded<4> has no load.  PAR will not attempt to route this
   signal.
WARNING:Par:288 - The signal theTlpControl/rx_Itf/Downstream_DMA_Engine/dsDMA_PA_Loaded<3> has no load.  PAR will not attempt to route this
   signal.
WARNING:Par:288 - The signal theTlpControl/rx_Itf/Downstream_DMA_Engine/dsDMA_PA_Loaded<2> has no load.  PAR will not attempt to route this
   signal.
WARNING:Par:288 - The signal theTlpControl/rx_Itf/Upstream_DMA_Engine/usDMA_PA_Loaded<25> has no load.  PAR will not attempt to route this
   signal.
WARNING:Par:288 - The signal theTlpControl/rx_Itf/Upstream_DMA_Engine/usDMA_PA_Loaded<24> has no load.  PAR will not attempt to route this
   signal.
WARNING:Par:288 - The signal theTlpControl/rx_Itf/Upstream_DMA_Engine/usDMA_PA_Loaded<23> has no load.  PAR will not attempt to route this
   signal.
WARNING:Par:288 - The signal theTlpControl/rx_Itf/Upstream_DMA_Engine/usDMA_PA_Loaded<22> has no load.  PAR will not attempt to route this
   signal.
WARNING:Par:288 - The signal theTlpControl/rx_Itf/Upstream_DMA_Engine/usDMA_PA_Loaded<21> has no load.  PAR will not attempt to route this
   signal.
WARNING:Par:288 - The signal theTlpControl/rx_Itf/Upstream_DMA_Engine/usDMA_PA_Loaded<20> has no load.  PAR will not attempt to route this
   signal.
WARNING:Par:288 - The signal theTlpControl/rx_Itf/Upstream_DMA_Engine/usDMA_PA_Loaded<19> has no load.  PAR will not attempt to route this
   signal.
WARNING:Par:288 - The signal theTlpControl/rx_Itf/Upstream_DMA_Engine/usDMA_PA_Loaded<18> has no load.  PAR will not attempt to route this
   signal.
WARNING:Par:288 - The signal theTlpControl/rx_Itf/Upstream_DMA_Engine/usDMA_PA_Loaded<17> has no load.  PAR will not attempt to route this
   signal.
WARNING:Par:288 - The signal theTlpControl/rx_Itf/Upstream_DMA_Engine/usDMA_PA_Loaded<16> has no load.  PAR will not attempt to route this
   signal.
Starting Router


Phase  1  : 73893 unrouted;      REAL time: 37 secs 

Phase  2  : 53394 unrouted;      REAL time: 41 secs 

Phase  3  : 12192 unrouted;      REAL time: 1 mins 5 secs 

Phase  4  : 12731 unrouted; (Setup:291730, Hold:36137, Component Switching Limit:0)     REAL time: 2 mins 48 secs 

Updating file: v6pcieDMA.ncd with current fully routed design.

Phase  5  : 0 unrouted; (Setup:324715, Hold:32386, Component Switching Limit:0)     REAL time: 18 mins 45 secs 
